<?xml version="1.0" encoding="UTF-8"?>
<!-- Generated by org.testng.reporters.JUnitXMLReporter -->
<testsuite ignored="0" hostname="LAKSHANW-LAP" failures="1" tests="1" name="HomePageTest" time="5.402" errors="0" timestamp="2025-08-11T08:32:50 IST">
  <testcase classname="Tests.HomePageTest" name="testGetAllTitlesAndSelectOnesie" time="5.399">
    <failure type="java.lang.AssertionError" message="Wrong product opened after scroll. expected [auce Labs Onesie] but found [Sauce Labs Onesie]">
      <![CDATA[java.lang.AssertionError: Wrong product opened after scroll. expected [auce Labs Onesie] but found [Sauce Labs Onesie]
at Tests.HomePageTest.testGetAllTitlesAndSelectOnesie(HomePageTest.java:28)
at java.base/java.util.ArrayList.forEach(ArrayList.java:1596)
... Removed 30 stack frames]]>
    </failure>
  </testcase> <!-- testGetAllTitlesAndSelectOnesie -->
</testsuite> <!-- HomePageTest -->
